c:\users\sam\documents\visual studio 2013\projects\kurs1\tempconsole\debug\tempconsole.pch
c:\users\sam\documents\visual studio 2013\projects\kurs1\tempconsole\debug\vc120.pdb
c:\users\sam\documents\visual studio 2013\projects\kurs1\tempconsole\debug\vc120.idb
c:\users\sam\documents\visual studio 2013\projects\kurs1\tempconsole\debug\stdafx.obj
c:\users\sam\documents\visual studio 2013\projects\kurs1\tempconsole\debug\tempconsole.obj
c:\users\sam\documents\visual studio 2013\projects\kurs1\debug\tempconsole.ilk
c:\users\sam\documents\visual studio 2013\projects\kurs1\debug\tempconsole.exe
c:\users\sam\documents\visual studio 2013\projects\kurs1\debug\tempconsole.pdb
d:\test\git10kurs\10kurs\tempconsole\debug\stdafx.obj
d:\test\git10kurs\10kurs\tempconsole\debug\tempconsole.obj
d:\test\git10kurs\10kurs\tempconsole\debug\tempconsole.pch
d:\test\git10kurs\10kurs\tempconsole\debug\vc120.idb
d:\test\git10kurs\10kurs\tempconsole\debug\vc120.pdb
d:\test\git10kurs\10kurs\debug\tempconsole.pdb
d:\test\git10kurs\10kurs\debug\tempconsole.exe
d:\test\git10kurs\10kurs\debug\tempconsole.ilk
d:\test\git10kurs\10kurs\tempconsole\debug\tempconsole.tlog\cl.command.1.tlog
d:\test\git10kurs\10kurs\tempconsole\debug\tempconsole.tlog\cl.read.1.tlog
d:\test\git10kurs\10kurs\tempconsole\debug\tempconsole.tlog\cl.write.1.tlog
d:\test\git10kurs\10kurs\tempconsole\debug\tempconsole.tlog\link.command.1.tlog
d:\test\git10kurs\10kurs\tempconsole\debug\tempconsole.tlog\link.read.1.tlog
d:\test\git10kurs\10kurs\tempconsole\debug\tempconsole.tlog\link.write.1.tlog
