c:\users\sam\documents\visual studio 2013\projects\kurs1\k2\debug\k2.pch
c:\users\sam\documents\visual studio 2013\projects\kurs1\k2\debug\vc120.pdb
c:\users\sam\documents\visual studio 2013\projects\kurs1\k2\debug\vc120.idb
c:\users\sam\documents\visual studio 2013\projects\kurs1\k2\debug\stdafx.obj
c:\users\sam\documents\visual studio 2013\projects\kurs1\k2\debug\k2.obj
d:\test\git10kurs\10kurs\k2\debug\k2.pch
d:\test\git10kurs\10kurs\k2\debug\vc120.pdb
d:\test\git10kurs\10kurs\k2\debug\vc120.idb
d:\test\git10kurs\10kurs\k2\debug\stdafx.obj
d:\test\git10kurs\10kurs\k2\debug\k2.obj
c:\users\sam\documents\visual studio 2013\projects\kurs1\debug\k2.ilk
c:\users\sam\documents\visual studio 2013\projects\kurs1\debug\k2.exe
c:\users\sam\documents\visual studio 2013\projects\kurs1\debug\k2.pdb
d:\test\git10kurs\10kurs\debug\k2.ilk
d:\test\git10kurs\10kurs\debug\k2.exe
d:\test\git10kurs\10kurs\debug\k2.pdb
d:\test\git10kurs\10kurs\k2\debug\k2.tlog\cl.command.1.tlog
d:\test\git10kurs\10kurs\k2\debug\k2.tlog\cl.read.1.tlog
d:\test\git10kurs\10kurs\k2\debug\k2.tlog\cl.write.1.tlog
d:\test\git10kurs\10kurs\k2\debug\k2.tlog\link.command.1.tlog
d:\test\git10kurs\10kurs\k2\debug\k2.tlog\link.read.1.tlog
d:\test\git10kurs\10kurs\k2\debug\k2.tlog\link.write.1.tlog
