c:\users\sam\documents\visual studio 2013\projects\kurs1\k1\debug\k1.pch
c:\users\sam\documents\visual studio 2013\projects\kurs1\k1\debug\vc120.pdb
c:\users\sam\documents\visual studio 2013\projects\kurs1\k1\debug\vc120.idb
c:\users\sam\documents\visual studio 2013\projects\kurs1\k1\debug\stdafx.obj
c:\users\sam\documents\visual studio 2013\projects\kurs1\k1\debug\k1.obj
c:\users\sam\documents\visual studio 2013\projects\kurs1\debug\k1.ilk
c:\users\sam\documents\visual studio 2013\projects\kurs1\debug\k1.exe
c:\users\sam\documents\visual studio 2013\projects\kurs1\debug\k1.pdb
d:\test\git10kurs\10kurs\k1\debug\k1.obj
d:\test\git10kurs\10kurs\k1\debug\stdafx.obj
d:\test\git10kurs\10kurs\k1\debug\k1.pch
d:\test\git10kurs\10kurs\k1\debug\vc120.idb
d:\test\git10kurs\10kurs\k1\debug\vc120.pdb
d:\test\git10kurs\10kurs\debug\k1.pdb
d:\test\git10kurs\10kurs\debug\k1.exe
d:\test\git10kurs\10kurs\debug\k1.ilk
d:\test\git10kurs\10kurs\k1\debug\k1.tlog\cl.command.1.tlog
d:\test\git10kurs\10kurs\k1\debug\k1.tlog\cl.read.1.tlog
d:\test\git10kurs\10kurs\k1\debug\k1.tlog\cl.write.1.tlog
d:\test\git10kurs\10kurs\k1\debug\k1.tlog\link.command.1.tlog
d:\test\git10kurs\10kurs\k1\debug\k1.tlog\link.read.1.tlog
d:\test\git10kurs\10kurs\k1\debug\k1.tlog\link.write.1.tlog
